<?xml version="1.0" encoding="utf-8"?><testsuites name="pytest tests"><testsuite name="pytest" errors="0" failures="0" skipped="0" tests="17" time="2.274" timestamp="2026-03-02T14:08:31.142605+00:00" hostname="agent-env-0c57ecfc-3181-44b6-8789-efa3c4799796"><testcase classname="backend.tests.test_decision_engine.TestAPIHealth" name="test_api_root" time="0.253" /><testcase classname="backend.tests.test_decision_engine.TestRouteValidation" name="test_valid_short_route" time="0.118" /><testcase classname="backend.tests.test_decision_engine.TestRouteValidation" name="test_valid_medium_route" time="0.113" /><testcase classname="backend.tests.test_decision_engine.TestRouteValidation" name="test_reject_route_over_150_miles" time="0.147" /><testcase classname="backend.tests.test_decision_engine.TestRouteValidation" name="test_reject_very_long_route" time="0.158" /><testcase classname="backend.tests.test_decision_engine.TestRouteValidation" name="test_missing_pickup_coordinates" time="0.102" /><testcase classname="backend.tests.test_decision_engine.TestRouteValidation" name="test_missing_destination_coordinates" time="0.116" /><testcase classname="backend.tests.test_decision_engine.TestDecisionEngine" name="test_response_has_price_level" time="0.117" /><testcase classname="backend.tests.test_decision_engine.TestDecisionEngine" name="test_response_has_surge_likelihood" time="0.136" /><testcase classname="backend.tests.test_decision_engine.TestDecisionEngine" name="test_response_has_decision_hint" time="0.120" /><testcase classname="backend.tests.test_decision_engine.TestDecisionEngine" name="test_response_has_availability" time="0.112" /><testcase classname="backend.tests.test_decision_engine.TestDecisionEngine" name="test_no_numeric_prices_in_response" time="0.104" /><testcase classname="backend.tests.test_decision_engine.TestDecisionEngine" name="test_response_has_deep_links" time="0.124" /><testcase classname="backend.tests.test_decision_engine.TestDecisionEngine" name="test_deep_links_contain_coordinates" time="0.110" /><testcase classname="backend.tests.test_decision_engine.TestRouteInfo" name="test_response_has_distance_and_duration" time="0.107" /><testcase classname="backend.tests.test_decision_engine.TestRouteInfo" name="test_response_has_route_status" time="0.102" /><testcase classname="backend.tests.test_decision_engine.TestRouteInfo" name="test_response_has_coordinate_info" time="0.114" /></testsuite></testsuites>