<?xml version="1.0" encoding="utf-8"?><testsuites name="pytest tests"><testsuite name="pytest" errors="0" failures="0" skipped="0" tests="21" time="2.922" timestamp="2026-03-02T15:05:40.287643+00:00" hostname="agent-env-0c57ecfc-3181-44b6-8789-efa3c4799796"><testcase classname="backend.tests.test_decision_engine.TestAPIHealth" name="test_api_root" time="0.315" /><testcase classname="backend.tests.test_decision_engine.TestTravelerFriendlyLabels" name="test_price_level_uses_traveler_friendly_labels" time="0.121" /><testcase classname="backend.tests.test_decision_engine.TestTravelerFriendlyLabels" name="test_surge_likelihood_values" time="0.150" /><testcase classname="backend.tests.test_decision_engine.TestRecommendationField" name="test_response_has_recommendation" time="0.127" /><testcase classname="backend.tests.test_decision_engine.TestRecommendationField" name="test_recommendation_for_long_trip" time="0.123" /><testcase classname="backend.tests.test_decision_engine.TestDecisionHint" name="test_response_has_decision_hint" time="0.119" /><testcase classname="backend.tests.test_decision_engine.TestDecisionHint" name="test_decision_hint_for_long_trip" time="0.132" /><testcase classname="backend.tests.test_decision_engine.TestLongTripConfirmation" name="test_long_trip_returns_requires_confirmation" time="0.156" /><testcase classname="backend.tests.test_decision_engine.TestLongTripConfirmation" name="test_short_trip_no_confirmation_needed" time="0.204" /><testcase classname="backend.tests.test_decision_engine.TestLongTripConfirmation" name="test_medium_trip_no_confirmation_needed" time="0.117" /><testcase classname="backend.tests.test_decision_engine.TestVeryLongRouteRejection" name="test_reject_route_over_1000_miles" time="0.117" /><testcase classname="backend.tests.test_decision_engine.TestVeryLongRouteRejection" name="test_reject_cross_country_route" time="0.105" /><testcase classname="backend.tests.test_decision_engine.TestRouteValidation" name="test_missing_pickup_coordinates" time="0.107" /><testcase classname="backend.tests.test_decision_engine.TestRouteValidation" name="test_missing_destination_coordinates" time="0.111" /><testcase classname="backend.tests.test_decision_engine.TestDecisionEngine" name="test_response_has_availability" time="0.108" /><testcase classname="backend.tests.test_decision_engine.TestDecisionEngine" name="test_no_numeric_prices_in_response" time="0.161" /><testcase classname="backend.tests.test_decision_engine.TestDecisionEngine" name="test_response_has_deep_links" time="0.137" /><testcase classname="backend.tests.test_decision_engine.TestDecisionEngine" name="test_eta_minutes_present" time="0.107" /><testcase classname="backend.tests.test_decision_engine.TestRouteInfo" name="test_response_has_distance_and_duration" time="0.098" /><testcase classname="backend.tests.test_decision_engine.TestRouteInfo" name="test_response_has_route_status" time="0.120" /><testcase classname="backend.tests.test_decision_engine.TestRouteInfo" name="test_response_has_coordinate_info" time="0.105" /></testsuite></testsuites>